  billboardgauge.cpp
  bullet.cpp
  camera.cpp
  character.cpp
  command.cpp
  commandUI.cpp
  debugproc.cpp
  enemy.cpp
  enemynumber.cpp
  fade.cpp
  game.cpp
  icecircle.cpp
  icicle.cpp
  input.cpp
  light.cpp
  loadfilefunction.cpp
  logo.cpp
  main.cpp
  manager.cpp
  map.cpp
  コンパイル中...
  meshfield.cpp
  meshorbit.cpp
  model.cpp
  modelcreate.cpp
  number.cpp
  object.cpp
  particle.cpp
  pause.cpp
  player.cpp
  pressenter.cpp
  ranking.cpp
  rankingscore.cpp
  renderer.cpp
  result.cpp
  scene.cpp
  scene2D.cpp
  scene3D.cpp
  scenebillboard.cpp
  sceneX.cpp
  score.cpp
  コンパイル中...
  sound.cpp
  status_number.cpp
  timer.cpp
  title.cpp
  tutorial.cpp
  ui.cpp
  コード生成しています。
  0 of 844 functions ( 0.0%) were compiled, the rest were copied from previous compilation.
    0 functions were new in current compilation
    0 functions had inline decision re-evaluated but remain unchanged
  コード生成が終了しました。
  COMMANDKNIGHT.vcxproj -> C:\Users\game129\Desktop\吉田学園情報ビジネス専門学校　早川樹綺也\00_制作ゲーム\00_個人制作\01_2年ゲーム作品\01_3Dゲーム\00_プロジェクト\COMMANDKNIGHT.exe
  COMMANDKNIGHT.vcxproj -> C:\Users\game129\Desktop\吉田学園情報ビジネス専門学校　早川樹綺也\00_制作ゲーム\00_個人制作\01_2年ゲーム作品\01_3Dゲーム\00_プロジェクト\COMMANDKNIGHT.pdb (Full PDB)
